<?xml version="1.0" encoding="UTF-8"?>
<!-- Generated by org.testng.reporters.JUnitReportReporter -->
<testsuite hostname="SRIVISHNUCHANDHAR" failures="0" tests="5" name="org.cts.Sample" time="18.652" errors="0" timestamp="2024-03-10T13:07:46 IST" skipped="0">
  <testcase classname="org.cts.Sample" name="tc2" time="6.079"/>
  <testcase classname="org.cts.Sample" name="tc3" time="3.150"/>
  <testcase classname="org.cts.Sample" name="tc5" time="2.922"/>
  <testcase classname="org.cts.Sample" name="tc1" time="3.320"/>
  <testcase classname="org.cts.Sample" name="tc4" time="3.181"/>
</testsuite> <!-- org.cts.Sample -->
