<?xml version="1.0" encoding="UTF-8"?>
<!-- Generated by org.testng.reporters.JUnitReportReporter -->
<testsuite hostname="SRIVISHNUCHANDHAR" failures="0" tests="1" name="org.cts.FunctionTest" time="3.898" errors="0" timestamp="2024-03-11T17:33:45 IST" skipped="0">
  <testcase classname="org.cts.FunctionTest" name="tc1" time="3.898"/>
</testsuite> <!-- org.cts.FunctionTest -->
